# JRE version: Java(TM) SE Runtime Environment (8.0_181-b13) (build 1.8.0_181-b13)
# Java VM: Java HotSpot(TM) 64-Bit Server VM (25.181-b13 mixed mode windows-amd64 compressed oops)
Heap:
 PSYoungGen      total 343552K, used 81886K [0x000000076b580000, 0x000000078ad00000, 0x00000007c0000000)
  eden space 299520K, 25% used [0x000000076b580000,0x0000000770183788,0x000000077da00000)
  from space 44032K, 9% used [0x0000000780680000,0x0000000780a740a0,0x0000000783180000)
  to   space 45568K, 0% used [0x000000077da00000,0x000000077da00000,0x0000000780680000)
 ParOldGen       total 163328K, used 115096K [0x00000006c2000000, 0x00000006cbf80000, 0x000000076b580000)
  object space 163328K, 70% used [0x00000006c2000000,0x00000006c9066000,0x00000006cbf80000)
 Metaspace       used 27202K, capacity 28042K, committed 28160K, reserved 1075200K
  class space    used 3053K, capacity 3275K, committed 3328K, reserved 1048576K
GC Heap History (10 events):
Event: 13.734 GC heap before
{Heap before GC invocations=11 (full 1):
 PSYoungGen      total 285696K, used 271553K [0x000000076b580000, 0x0000000783180000, 0x00000007c0000000)
  eden space 242176K, 100% used [0x000000076b580000,0x000000077a200000,0x000000077a200000)
  from space 43520K, 67% used [0x000000077a200000,0x000000077beb0620,0x000000077cc80000)
  to   space 44032K, 0% used [0x0000000780680000,0x0000000780680000,0x0000000783180000)
 ParOldGen       total 163328K, used 72490K [0x00000006c2000000, 0x00000006cbf80000, 0x000000076b580000)
  object space 163328K, 44% used [0x00000006c2000000,0x00000006c66ca860,0x00000006cbf80000)
 Metaspace       used 27074K, capacity 27960K, committed 28160K, reserved 1075200K
  class space    used 3046K, capacity 3272K, committed 3328K, reserved 1048576K
Event: 13.766 GC heap after
Heap after GC invocations=11 (full 1):
 PSYoungGen      total 344064K, used 31095K [0x000000076b580000, 0x0000000785480000, 0x00000007c0000000)
  eden space 300032K, 0% used [0x000000076b580000,0x000000076b580000,0x000000077da80000)
  from space 44032K, 70% used [0x0000000780680000,0x00000007824ddc80,0x0000000783180000)
  to   space 45056K, 0% used [0x000000077da80000,0x000000077da80000,0x0000000780680000)
 ParOldGen       total 163328K, used 72498K [0x00000006c2000000, 0x00000006cbf80000, 0x000000076b580000)
  object space 163328K, 44% used [0x00000006c2000000,0x00000006c66cc860,0x00000006cbf80000)
 Metaspace       used 27074K, capacity 27960K, committed 28160K, reserved 1075200K
  class space    used 3046K, capacity 3272K, committed 3328K, reserved 1048576K
}
Event: 14.018 GC heap before
{Heap before GC invocations=12 (full 1):
 PSYoungGen      total 344064K, used 331127K [0x000000076b580000, 0x0000000785480000, 0x00000007c0000000)
  eden space 300032K, 100% used [0x000000076b580000,0x000000077da80000,0x000000077da80000)
  from space 44032K, 70% used [0x0000000780680000,0x00000007824ddc80,0x0000000783180000)
  to   space 45056K, 0% used [0x000000077da80000,0x000000077da80000,0x0000000780680000)
 ParOldGen       total 163328K, used 72498K [0x00000006c2000000, 0x00000006cbf80000, 0x000000076b580000)
  object space 163328K, 44% used [0x00000006c2000000,0x00000006c66cc860,0x00000006cbf80000)
 Metaspace       used 27136K, capacity 28036K, committed 28160K, reserved 1075200K
  class space    used 3049K, capacity 3274K, committed 3328K, reserved 1048576K
Event: 14.048 GC heap after
Heap after GC invocations=12 (full 1):
 PSYoungGen      total 345088K, used 9600K [0x000000076b580000, 0x0000000785480000, 0x00000007c0000000)
  eden space 300032K, 0% used [0x000000076b580000,0x000000076b580000,0x000000077da80000)
  from space 45056K, 21% used [0x000000077da80000,0x000000077e3e0150,0x0000000780680000)
  to   space 44032K, 0% used [0x0000000780680000,0x0000000780680000,0x0000000783180000)
 ParOldGen       total 163328K, used 97981K [0x00000006c2000000, 0x00000006cbf80000, 0x000000076b580000)
  object space 163328K, 59% used [0x00000006c2000000,0x00000006c7faf5b0,0x00000006cbf80000)
 Metaspace       used 27136K, capacity 28036K, committed 28160K, reserved 1075200K
  class space    used 3049K, capacity 3274K, committed 3328K, reserved 1048576K
}
Event: 14.285 GC heap before
{Heap before GC invocations=13 (full 1):
 PSYoungGen      total 345088K, used 309632K [0x000000076b580000, 0x0000000785480000, 0x00000007c0000000)
  eden space 300032K, 100% used [0x000000076b580000,0x000000077da80000,0x000000077da80000)
  from space 45056K, 21% used [0x000000077da80000,0x000000077e3e0150,0x0000000780680000)
  to   space 44032K, 0% used [0x0000000780680000,0x0000000780680000,0x0000000783180000)
 ParOldGen       total 163328K, used 97981K [0x00000006c2000000, 0x00000006cbf80000, 0x000000076b580000)
  object space 163328K, 59% used [0x00000006c2000000,0x00000006c7faf5b0,0x00000006cbf80000)
 Metaspace       used 27159K, capacity 28042K, committed 28160K, reserved 1075200K
  class space    used 3050K, capacity 3275K, committed 3328K, reserved 1048576K
Event: 14.298 GC heap after
Heap after GC invocations=13 (full 1):
 PSYoungGen      total 344064K, used 8048K [0x000000076b580000, 0x0000000785480000, 0x00000007c0000000)
  eden space 300032K, 0% used [0x000000076b580000,0x000000076b580000,0x000000077da80000)
  from space 44032K, 18% used [0x0000000780680000,0x0000000780e5c120,0x0000000783180000)
  to   space 45056K, 0% used [0x000000077da80000,0x000000077da80000,0x0000000780680000)
 ParOldGen       total 163328K, used 103298K [0x00000006c2000000, 0x00000006cbf80000, 0x000000076b580000)
  object space 163328K, 63% used [0x00000006c2000000,0x00000006c84e0890,0x00000006cbf80000)
 Metaspace       used 27159K, capacity 28042K, committed 28160K, reserved 1075200K
  class space    used 3050K, capacity 3275K, committed 3328K, reserved 1048576K
}
Event: 14.489 GC heap before
{Heap before GC invocations=14 (full 1):
 PSYoungGen      total 344064K, used 308080K [0x000000076b580000, 0x0000000785480000, 0x00000007c0000000)
  eden space 300032K, 100% used [0x000000076b580000,0x000000077da80000,0x000000077da80000)
  from space 44032K, 18% used [0x0000000780680000,0x0000000780e5c120,0x0000000783180000)
  to   space 45056K, 0% used [0x000000077da80000,0x000000077da80000,0x0000000780680000)
 ParOldGen       total 163328K, used 103298K [0x00000006c2000000, 0x00000006cbf80000, 0x000000076b580000)
  object space 163328K, 63% used [0x00000006c2000000,0x00000006c84e0890,0x00000006cbf80000)
 Metaspace       used 27162K, capacity 28042K, committed 28160K, reserved 1075200K
  class space    used 3050K, capacity 3275K, committed 3328K, reserved 1048576K
Event: 14.500 GC heap after
Heap after GC invocations=14 (full 1):
 PSYoungGen      total 345088K, used 4512K [0x000000076b580000, 0x0000000785480000, 0x00000007c0000000)
  eden space 300032K, 0% used [0x000000076b580000,0x000000076b580000,0x000000077da80000)
  from space 45056K, 10% used [0x000000077da80000,0x000000077dee8090,0x0000000780680000)
  to   space 44032K, 0% used [0x0000000780680000,0x0000000780680000,0x0000000783180000)
 ParOldGen       total 163328K, used 110731K [0x00000006c2000000, 0x00000006cbf80000, 0x000000076b580000)
  object space 163328K, 67% used [0x00000006c2000000,0x00000006c8c22e40,0x00000006cbf80000)
 Metaspace       used 27162K, capacity 28042K, committed 28160K, reserved 1075200K
  class space    used 3050K, capacity 3275K, committed 3328K, reserved 1048576K
}
Event: 14.941 GC heap before
{Heap before GC invocations=15 (full 1):
 PSYoungGen      total 345088K, used 304544K [0x000000076b580000, 0x0000000785480000, 0x00000007c0000000)
  eden space 300032K, 100% used [0x000000076b580000,0x000000077da80000,0x000000077da80000)
  from space 45056K, 10% used [0x000000077da80000,0x000000077dee8090,0x0000000780680000)
  to   space 44032K, 0% used [0x0000000780680000,0x0000000780680000,0x0000000783180000)
 ParOldGen       total 163328K, used 110731K [0x00000006c2000000, 0x00000006cbf80000, 0x000000076b580000)
  object space 163328K, 67% used [0x00000006c2000000,0x00000006c8c22e40,0x00000006cbf80000)
 Metaspace       used 27175K, capacity 28042K, committed 28160K, reserved 1075200K
  class space    used 3050K, capacity 3275K, committed 3328K, reserved 1048576K
Event: 14.950 GC heap after
Heap after GC invocations=15 (full 1):
 PSYoungGen      total 343552K, used 4048K [0x000000076b580000, 0x000000078ad00000, 0x00000007c0000000)
  eden space 299520K, 0% used [0x000000076b580000,0x000000076b580000,0x000000077da00000)
  from space 44032K, 9% used [0x0000000780680000,0x0000000780a740a0,0x0000000783180000)
  to   space 45568K, 0% used [0x000000077da00000,0x000000077da00000,0x0000000780680000)
 ParOldGen       total 163328K, used 115096K [0x00000006c2000000, 0x00000006cbf80000, 0x000000076b580000)
  object space 163328K, 70% used [0x00000006c2000000,0x00000006c9066000,0x00000006cbf80000)
 Metaspace       used 27175K, capacity 28042K, committed 28160K, reserved 1075200K
  class space    used 3050K, capacity 3275K, committed 3328K, reserved 1048576K
}

